01:21:32 PM: DEBUG [logger_base.py:16] Mensaje a nivel debug
01:21:32 PM: INFO [logger_base.py:17] Mensaje a nivel info
01:21:32 PM: WARNING [logger_base.py:18] Mensaje a nivel warning
01:21:32 PM: ERROR [logger_base.py:19] Mensaje a nivel error
01:21:32 PM: CRITICAL [logger_base.py:20] Mensaje a nivel critical
05:06:14 PM: DEBUG [Persona.py:55] 
                Id Persona: 1, 
                Nombre: Juan, 
                Apellido: Perez,
                Email: jperez@mail.com,
            
05:06:14 PM: DEBUG [Persona.py:57] 
                Id Persona: None, 
                Nombre: Jose, 
                Apellido: Lepez,
                Email: ljose@mail.com,
            
05:06:14 PM: DEBUG [Persona.py:59] 
                Id Persona: 1, 
                Nombre: None, 
                Apellido: None,
                Email: None,
            
